# JRE version: OpenJDK Runtime Environment nix/JBR-25.0.2-b329.72-jcef (25.0.4+1) (build 25.0.4+1-b329.72)
# Java VM: OpenJDK 64-Bit Server VM nix/JBR-25.0.2-b329.72-jcef (25.0.4+1-b329.72, mixed mode, sharing, tiered, compressed oops, compressed class ptrs, g1 gc, linux-amd64)
GC Precious Log:
 CardTable entry size: 512
 Card Set container configuration: InlinePtr #cards 4 size 8 Array Of Cards #cards 32 size 80 Howl #buckets 8 coarsen threshold 7372 Howl Bitmap #cards 1024 size 144 coarsen threshold 921 Card regions per heap region 1 cards per card region 8192
 CPUs: 16 total, 16 available
 Memory: 63440M
 Large Page Support: Disabled
 NUMA Support: Disabled
 Compressed Oops: Enabled (Zero based)
 Heap Region Size: 4M
 Heap Min Capacity: 8M
 Heap Initial Capacity: 992M
 Heap Max Capacity: 8G
 Pre-touch: Disabled
 Parallel Workers: 13
 Concurrent Workers: 3
 Concurrent Refinement Workers: 13
 Periodic GC: Disabled
Heap:
 garbage-first heap   total reserved 8388608K, committed 253952K, used 112708K [0x0000000600000000, 0x0000000800000000)
  region size 4096K, 7 young (28672K), 4 survivors (16384K)
GC Heap Usage History (20 events):
Event: 1,631 {heap Before GC invocations=4 (full 0):
 garbage-first heap   total reserved 8388608K, committed 131072K, used 97418K [0x0000000600000000, 0x0000000800000000)
  region size 4096K, 18 young (73728K), 6 survivors (24576K)
}
Event: 1,636 {heap After GC invocations=5 (full 0):
 garbage-first heap   total reserved 8388608K, committed 135168K, used 53773K [0x0000000600000000, 0x0000000800000000)
  region size 4096K, 3 young (12288K), 3 survivors (12288K)
}
Event: 1,802 {heap Before GC invocations=5 (full 0):
 garbage-first heap   total reserved 8388608K, committed 135168K, used 94733K [0x0000000600000000, 0x0000000800000000)
  region size 4096K, 15 young (61440K), 3 survivors (12288K)
}
Event: 1,804 {heap After GC invocations=6 (full 0):
 garbage-first heap   total reserved 8388608K, committed 135168K, used 57144K [0x0000000600000000, 0x0000000800000000)
  region size 4096K, 1 young (4096K), 1 survivors (4096K)
}
Event: 2,021 {heap Before GC invocations=7 (full 0):
 garbage-first heap   total reserved 8388608K, committed 135168K, used 106296K [0x0000000600000000, 0x0000000800000000)
  region size 4096K, 13 young (53248K), 1 survivors (4096K)
}
Event: 2,022 {heap After GC invocations=8 (full 0):
 garbage-first heap   total reserved 8388608K, committed 135168K, used 60593K [0x0000000600000000, 0x0000000800000000)
  region size 4096K, 2 young (8192K), 2 survivors (8192K)
}
Event: 2,179 {heap Before GC invocations=8 (full 0):
 garbage-first heap   total reserved 8388608K, committed 135168K, used 105649K [0x0000000600000000, 0x0000000800000000)
  region size 4096K, 14 young (57344K), 2 survivors (8192K)
}
Event: 2,182 {heap After GC invocations=9 (full 0):
 garbage-first heap   total reserved 8388608K, committed 135168K, used 65277K [0x0000000600000000, 0x0000000800000000)
  region size 4096K, 2 young (8192K), 2 survivors (8192K)
}
Event: 2,322 {heap Before GC invocations=9 (full 0):
 garbage-first heap   total reserved 8388608K, committed 135168K, used 114429K [0x0000000600000000, 0x0000000800000000)
  region size 4096K, 14 young (57344K), 2 survivors (8192K)
}
Event: 2,325 {heap After GC invocations=10 (full 0):
 garbage-first heap   total reserved 8388608K, committed 135168K, used 69013K [0x0000000600000000, 0x0000000800000000)
  region size 4096K, 1 young (4096K), 1 survivors (4096K)
}
Event: 2,408 {heap Before GC invocations=10 (full 0):
 garbage-first heap   total reserved 8388608K, committed 135168K, used 114069K [0x0000000600000000, 0x0000000800000000)
  region size 4096K, 12 young (49152K), 1 survivors (4096K)
}
Event: 2,410 {heap After GC invocations=11 (full 0):
 garbage-first heap   total reserved 8388608K, committed 577536K, used 70172K [0x0000000600000000, 0x0000000800000000)
  region size 4096K, 2 young (8192K), 2 survivors (8192K)
}
Event: 2,718 {heap Before GC invocations=12 (full 0):
 garbage-first heap   total reserved 8388608K, committed 245760K, used 209436K [0x0000000600000000, 0x0000000800000000)
  region size 4096K, 36 young (147456K), 2 survivors (8192K)
}
Event: 2,720 {heap After GC invocations=13 (full 0):
 garbage-first heap   total reserved 8388608K, committed 245760K, used 75701K [0x0000000600000000, 0x0000000800000000)
  region size 4096K, 3 young (12288K), 3 survivors (12288K)
}
Event: 3,154 {heap Before GC invocations=13 (full 0):
 garbage-first heap   total reserved 8388608K, committed 245760K, used 210869K [0x0000000600000000, 0x0000000800000000)
  region size 4096K, 36 young (147456K), 3 survivors (12288K)
}
Event: 3,157 {heap After GC invocations=14 (full 0):
 garbage-first heap   total reserved 8388608K, committed 245760K, used 80906K [0x0000000600000000, 0x0000000800000000)
  region size 4096K, 5 young (20480K), 5 survivors (20480K)
}
Event: 3,520 {heap Before GC invocations=14 (full 0):
 garbage-first heap   total reserved 8388608K, committed 245760K, used 207882K [0x0000000600000000, 0x0000000800000000)
  region size 4096K, 36 young (147456K), 5 survivors (20480K)
}
Event: 3,525 {heap After GC invocations=15 (full 0):
 garbage-first heap   total reserved 8388608K, committed 245760K, used 94298K [0x0000000600000000, 0x0000000800000000)
  region size 4096K, 5 young (20480K), 5 survivors (20480K)
}
Event: 3,880 {heap Before GC invocations=15 (full 0):
 garbage-first heap   total reserved 8388608K, committed 245760K, used 208986K [0x0000000600000000, 0x0000000800000000)
  region size 4096K, 34 young (139264K), 5 survivors (20480K)
}
Event: 3,885 {heap After GC invocations=16 (full 0):
 garbage-first heap   total reserved 8388608K, committed 253952K, used 108612K [0x0000000600000000, 0x0000000800000000)
  region size 4096K, 4 young (16384K), 4 survivors (16384K)
}

